2016-02-23 21:58:15 INFO  Scenario_create:52 - Executing the testcase GB_07  Order of  1.0
2016-02-23 21:58:25 INFO  Base_Class:26 - Intialized the browser in Firefox
2016-02-23 22:01:21 INFO  Scenario_create:50 - Executing the testcase GB_07  Order of  1.0
2016-02-23 22:01:30 INFO  Base_Class:26 - Intialized the browser in Firefox
2016-02-23 22:04:57 INFO  Scenario_create:50 - Executing the testcase GB_07  Order of  1.0
2016-02-23 22:05:07 INFO  Base_Class:26 - Intialized the browser in Firefox
2016-02-23 22:06:38 INFO  Scenario_create:50 - Executing the testcase GB_07  Order of  1.0
2016-02-23 22:06:47 INFO  Base_Class:26 - Intialized the browser in Firefox
2016-02-23 22:08:46 INFO  Scenario_create:50 - Executing the testcase GB_07  Order of  1.0
2016-02-23 22:08:55 INFO  Base_Class:26 - Intialized the browser in Firefox
2016-02-23 22:09:56 INFO  Scenario_create:50 - Executing the testcase GB_07  Order of  1.0
2016-02-23 22:10:05 INFO  Base_Class:26 - Intialized the browser in Firefox
2016-02-23 22:10:16 INFO  Scenario_create:59 - Passed as Expected msg was Valid
2016-02-23 22:10:17 INFO  Base_Class:57 - Closed the Browser
2016-02-23 22:10:17 INFO  Scenario_create:68 - ******************************************
2016-02-23 22:11:32 INFO  Scenario_create:50 - Executing the testcase GB_07  Order of  1.0
2016-02-23 22:11:46 INFO  Base_Class:26 - Intialized the browser in Firefox
2016-02-23 22:13:38 INFO  Scenario_create:24 - Executing the testcase GB_01  Order of  1.0
2016-02-23 22:13:47 INFO  Base_Class:26 - Intialized the browser in Firefox
2016-02-23 22:13:53 INFO  Scenario_create:34 - Passed as Expected msg was Valid
2016-02-23 22:13:53 INFO  Base_Class:57 - Closed the Browser
2016-02-23 22:13:53 INFO  Scenario_create:43 - ******************************************
2016-02-23 22:13:53 INFO  Scenario_create:50 - Executing the testcase GB_07  Order of  1.0
2016-02-23 22:14:01 INFO  Base_Class:26 - Intialized the browser in Firefox
2016-02-23 22:15:30 INFO  Scenario_create:24 - Executing the testcase GB_01  Order of  1.0
2016-02-23 22:15:40 INFO  Base_Class:26 - Intialized the browser in Firefox
2016-02-23 22:15:46 INFO  Scenario_create:34 - Passed as Expected msg was Valid
2016-02-23 22:15:46 INFO  Base_Class:57 - Closed the Browser
2016-02-23 22:15:46 INFO  Scenario_create:43 - ******************************************
2016-02-23 22:15:46 INFO  Scenario_create:50 - Executing the testcase GB_07  Order of  1.0
2016-02-23 22:15:54 INFO  Base_Class:26 - Intialized the browser in Firefox
